MPASM  5.51                          MAIN.ASM   7-16-2022  15:45:45         PAGE  1


LOC  OBJECT CODE     LINE SOURCE TEXT
  VALUE

                      00001 ;**************************************************************************
                      00002 ;    RX_GEN_HT6P20B_V5P1.ASM
                      00003 ;
                      00004 ;    ---> COMPILAR COM MPLAB v8.92 (MPASM compiler)
                      00005 ;
                      00006 ;    
                      00007 ;    RECEPTOR RF PARA CONTROLE REMOTOS (CHAVEIRINHOS) COM CI HT6P20B
                      00008 ; 
                      00009 ;    PARA DECODIFICAR UTILIZA UM PIC 12F629 (OPCIONALMENTE UM 12F675, DES-
                      00010 ;    COMENTANDO/COMENTANDO  AS LINHAS CITADAS NO TEXTO).
                      00011 ;
                      00012 ;    CLAUDIO LÁRIOS        INICIO: 27-07-2012  TERMINO:28-06-2012
                      00013 ;    REVISADO EM 15/09/2012 
                      00014 ;    MODIFICAÇÕES DA VERSÃO 5:   
                      00015 ;    ALÉM DE MANTÉM LEDS ACESOS SE BOTÃO FICAR PRESSIONADO (NÃO PISCA)
                      00016 ;    FOI ACRESCENTADO MAIS UMA SAÍDA NO PINO 3 (LED3) QUE PODE SER ACIONADA
                      00017 ;    DE 2 MANEIRAS:
                      00018 ;    1) MODO OR_LED: ACENDE JUNTOS 
                      00019 ;    (BOTÃO ESQ= LED1 ;BOTÃO DIR=LED2 ; 2 BOTÕES=LED3 + LED2 + LED1 ACESOS)
                      00020 ;    2) MODO XOR_LED:ACENDE UM LED POR VEZ
                      00021 ;    (BOTÃO ESQ= LED1 ;BOTÃO DIR=LED2 ; 2 BOTÕES=LED3-APAGA LED2 E 3)
                      00022 ;    ANTES DE COMPILAR, ESCOLHAS SUAS DEFINIÇÕES ABAIXO (DEFINIÇÕES DE USUARIO)
                      00023 ;    O MODO DE APRENDIZADO FOI REFORMULADO: APENAS APRENDA UM BOTÃO, QUE OS OUTROS
                      00024 ;    JÁ SERÃO ACEITOS.
                      00025 ;    TX  CUJO CÓDIGO DE ENDEREÇO SEJA 0X000000  NÃO É MAIS 'APRENDIDO'.
                      00026 ;    REVISADO 04-01-2013
                      00027 ;    (ELIMINADO BUG DE FALSA RECEPÇÃO COM CÓDIGO 'FFFFFF'C/ INTERFERÊNCIAS
                      00028 ;    ELIMINADO BUG DE MAU FUNCIONAMENTO COM CÓDIGOS DE CONTROLES SEQUENCIAIS)
                      00029 ;
                      00030 ;**************************************************************************
                      00031 ; Modificado por Rtek100 em 05/02/2016:
                      00032 ; - selecionado PIC12F675
                      00033 ; - alterado pinout
                      00034 ; >-PINO 2- SAIDA DO LED1
                      00035 ; >-PINO 3- SAIDA DO LED2
                      00036 ; >-PINO 4- IN RF
                      00037 ; >-PINO 5- SAIDA DO LED3
                      00038 ; >-PINO 6- SAIDA LED 'LEARN' (aceso em LOW - 0V)
                      00039 ; >-PINO 7- IN LEARN BOTTON
                      00040 ; - alterado acionamento do led learn ligar anodo ao Vdd e catodo ao PIC
                      00041 ;
                      00042 ;**************************************************************************
                      00043 ;
                      00044 ;   GRAVAR CONTROLE:  APERTE QUALQUER BOTÃO DO CONTROLE E MANTENHA APERTADO.
                      00045 ;   APERTE TAMBÉM O BOTÃO 'LEARN' NA PLACA (PINO 4 DO PIC 12F629  A MASSA)E 
                      00046 ;   SOLTE-O EM MENOS DE 1 SEGUNDOS.  O LED 'LEARN'(PINO 2)   PISCARÁ 1
                      00047 ;   VEZ, PARA INDICAR 'CODE APRENDIDO'. OS OUTROS BOTÕES JÁ SERÃO APRENDIDOS.
                      00048 ;   APAGAR TODOS OS CONTROLES DA MEMÓRIA:  APERTAR BOTÃO 'LEARN' NA PLACA E 
                      00049 ;   MANTENHA PRESSIONADO POR MAIS DE 10 SEGUNDOS.    O LED 'LEARN' (PINO 2) PISCARÁ
                      00050 ;   3 VEZES , INDICANDO O PLENO APAGAMENTO DE TODOS OS SENSORES DA MEMÓRIA.
                      00051 ;   APÓS ISTO, CADA CONTROLE DEVERÁ SER 'REAPRENDIDO' NOVAMENTE PARA OPERAR.
                      00052 ;*************************************************************************** 
                      00053 ;=======================================================================================================
MPASM  5.51                          MAIN.ASM   7-16-2022  15:45:45         PAGE  2


LOC  OBJECT CODE     LINE SOURCE TEXT
  VALUE

                            ============
                      00054 ;DEFINIÇÕES DO USUARIO (DESCOMENTE A OPÇÃO DESEJADA E COMENTE AS OUTRAS)
                      00055 
                      00056 ;#DEFINE PIC_629     ;ESCOLHE MICROCONTROLADOR PIC12F629
                      00057 #DEFINE PIC_675    ;ESCOLHE MICROCONTROLADOR PIC12F675
                      00058 
                      00059 #DEFINE XOR_LED    ;ACENDE APENAS UM LED POR VEZ (BOTÃO ESQ= LED1 ;BOTÃO DIR=LED2 ; 2 BOTÕES=LED3-APAGA 
                            LED2 E 3)
                      00060 ;#DEFINE OR_LED     ;ACENDE JUNTOS (BOTÃO ESQ= LED1 ;BOTÃO DIR=LED2 ; 2 BOTÕES=LED3 + LED2 + LED1 ACESOS
                            )
                      00061 
                      00062 #DEFINE PULSE_LED    ;PULSO
                      00063 ;#DEFINE RETENT_LED    ;RETENÇÃO
                      00064 
                      00065 ;=======================================================================================================
                            ============
                      00066     IFDEF PIC_675 
                      00067         LIST P=12f675 , R=DEC
                      00068         INCLUDE "P12F675.INC"
                      00001         LIST
                      00002 
                      00003 ;==========================================================================
                      00004 ;  MPASM PIC12F675 processor include
                      00005 ; 
                      00006 ;  (c) Copyright 1999-2013 Microchip Technology, All rights reserved
                      00007 ;==========================================================================
                      00008 
                      00366         LIST
                      00069     ENDIF
                      00070     IFDEF PIC_629
                      00071         LIST P=12f629 , R=DEC
                      00072         INCLUDE "P12F629.INC"
                      00073     ENDIF
                      00074 ;--------------------------
                      00075         ERRORLEVEL      -302   
2007   3FC4           00076         __CONFIG                _CP_OFF & _CPD_OFF & _PWRTE_ON & _WDT_OFF & _INTRC_OSC_NOCLKOUT & _BODEN
                            _ON & _MCLRE_OFF
                      00077 
                      00078 #DEFINE         BANK0   BCF     STATUS,RP0       ;SETA BANK0 DE MEMORIA
                      00079 #DEFINE         BANK1   BSF     STATUS,RP0       ;SETA BANK1
                      00080 #DEFINE         FLAG    FLAGS,0          ;FLAG DE SITUAÇÃO
                      00081 #DEFINE         FLAG1   FLAGS,1          ;FLAG DE NOVA LEITURA
                      00082 #DEFINE         FLAGGR  FLAGS,2          ;FLAG DE 'LEARN' APRENDER
                      00083 
                      00084 #DEFINE LED1            GPIO,5  ;PINO 2  SAIDA DO LED1
                      00085 #DEFINE LED2            GPIO,4  ;PINO 3  SAIDA DO LED2
                      00086 #DEFINE SIN             GPIO,3  ;PINO 4  IN RF
                      00087 #DEFINE LED3            GPIO,2  ;PINO 5  SAIDA DO LED3
                      00088 #DEFINE LED0            GPIO,1  ;PINO 6  SAIDA LED0 'LEARN' (aceso em LOW - 0V)
                      00089 #DEFINE LRN             GPIO,0  ;PINO 7  IN LEARN BOTTON
                      00090 
                      00091      CBLOCK  0X20
  00000020            00092         RES3,RES2,RES1,RES0
MPASM  5.51                          MAIN.ASM   7-16-2022  15:45:45         PAGE  3


LOC  OBJECT CODE     LINE SOURCE TEXT
  VALUE

  00000024            00093         AUX    
  00000025            00094         C3,C2,C1,C0
  00000029            00095         WS         
  0000002A            00096         TEMP
  0000002B            00097         BITCOUNTER
  0000002C            00098         FLAGS
  0000002D            00099         TL0,TL1,TL2
  00000030            00100         Z4,Z3,Z2,Z1    
  00000034            00101         Y1,Y2
  00000036            00102         LcdDelayCounter,LcdDelayCounter1
  00000038            00103         tmpLcdRegister,tmpLcdRegister1
  0000003A            00104         SITUAÇÃO
  0000003B            00105         temp
  0000003C            00106         SDATA
  0000003D            00107         AUX2
  0000003E            00108         LC,HC
  00000040            00109         CONT
  00000041            00110         RES3A,RES2A,RES1A,RES0A
  00000045            00111         X
  00000046            00112         R0,R1,R2
  00000049            00113         TMP1,TMP2,TMP3
  0000004C            00114         ADDRESS
  0000004D            00115         TMP,TMP_SALVO
                      00116      ENDC
                      00117 
  00000000            00118 WRCFG   EQU     B'00000000'     ; PORTB: EEPROM WRITE TRI-STATE VALUE
  00000009            00119 YTRISA  EQU     B'001001'       ; PORTA: TRI-STATE VALUE  
  00000032            00120 TMAX    EQU  .50       ;TEMPO MAXIMO DO SINAL LOW
  0000001C            00121 QBYTE   EQU  .28        ;QUANTIDADE DE BYTES A SER RECEBIDO (22 ADRESS+ 2 DADO+ 4 ANTICODE)
  000000FF            00122 TGR     EQU  .255       ;TEMPO DE BOTÃO APERTADO PARA APAGAR GRAVAÇAO
                      00123 
  00000014            00124 T_DESL_LED EQU .20     ;TEMPO MÁXIMO QUE LEDS FICAM ACESOS APÓS CESSAR TRANSMISSÃO
                      00125 
0000                  00126     ORG 0X00
0000   2805           00127     GOTO START
0004                  00128     ORG 0X04
0004   0009           00129     RETFIE
                      00130 
0005                  00131 START:
0005   3007           00132         MOVLW   0X07
0006   0099           00133         MOVWF   CMCON                   ;DESLIGA COMPARADORES
0007   3000           00134         MOVLW   B'000000'
0008   0085           00135         MOVWF   GPIO                    ; RESET PORT
                      00136         
0009   1683           00137         BANK1
000A   3009           00138         MOVLW   YTRISA                  ; SETUP PORTA
000B   0085           00139         MOVWF   TRISIO
                      00140         
000C   3000           00141         MOVLW   B'00000000'
000D   0081           00142         MOVWF   OPTION_REG              ;Pull-up enabled
                      00143         
000E   3001           00144         MOVLW   B'00000001'
000F   0095           00145         MOVWF   WPU                     ;GPIO0 Pull-up enabled
MPASM  5.51                          MAIN.ASM   7-16-2022  15:45:45         PAGE  4


LOC  OBJECT CODE     LINE SOURCE TEXT
  VALUE

                      00146         
                      00147     ifdef PIC_675
0010   1683           00148         BANK1
0011   3000           00149         MOVLW .0
0012   009F           00150         MOVWF ANSEL  ;LIBERA PORTAS DO AD (SOMENTE 12f675)
                      00151 
0013   1283           00152     BANK0
                      00153     endif
                      00154 
0014   01AC           00155          CLRF   FLAGS   ;APAGA REGISTRADOR DE FLAGS
0015   30FF           00156      MOVLW  TGR
0016   00B2           00157      MOVWF  Z2
0017   01B3           00158      CLRF  Z1           ;RECARGA DO TEMPO DE APAGAMENTO
0018   01B1           00159      CLRF  Z3           ;RECARGA DO TEMPO DE APAGAMENTO
0019   300A           00160      MOVLW  .10
001A   00B0           00161      MOVWF  Z4          ;RECARGA DO TEMPO DE APAGAMENTO
001B                  00162 INICIO:
                      00163     
001B   01A0           00164      CLRF  RES3
001C   01A1           00165      CLRF  RES2
001D   01A2           00166      CLRF  RES1
001E   01A3           00167          CLRF  RES0
001F   301C           00168      MOVLW  QBYTE  ;PREPARA PARA A RECEPÇÃO COM NUMERO DE BITS A RECEBER
0020   00AB           00169          MOVWF  BITCOUNTER
                      00170      
0021                  00171 L0
0021   102C           00172      BCF   FLAG   ;LIMPA FLAG E REGISTRADORES DE RECEPÇÃO
0022   01BF           00173      CLRF  HC
0023   01BE           00174      CLRF  LC
0024                  00175 L1
                      00176 ;---------------------------------
                      00177 
0024   1C05           00178      BTFSS  LRN     ;TESTA BOTÃO 'LEARN' APERTADO
0025   152C           00179         BSF    FLAGGR  ;ATIVA MODO APRENDER
                      00180      
0026   192C           00181      BTFSC  FLAGGR          ;TESTA MODO APRENDER
0027   2835           00182         GOTO   TAPAGAMENTO  ;APERTADO, COMEÇA A CONTAR TEMPO MAX. DE APAGAMENTO
                      00183      
                      00184 ;     BTFSS  LRN            ;TESTA BOTÃO 'LEARN' APERTADO
                      00185 ;       GOTO RUN0
                      00186 ;     BTFSS  LED0           ;TESTA LED0
                      00187 ;       BCF LED0
                      00188      
                      00189 ;RUN0
0028   30FF           00190      MOVLW  TGR
0029   00B2           00191      MOVWF  Z2          ;RECARGA DO TEMPO DE APAGAMENTO
002A   01B3           00192      CLRF  Z1           ;RECARGA DO TEMPO DE APAGAMENTO
                      00193 
002B                  00194 L1H2     
002B   2847           00195     GOTO    SS5
                      00196     
002C                  00197 L1H    
                      00198 ;    GOTO    SS5
MPASM  5.51                          MAIN.ASM   7-16-2022  15:45:45         PAGE  5


LOC  OBJECT CODE     LINE SOURCE TEXT
  VALUE

                      00199 ;    BTFSS  FLAGGR          ;TESTA MODO APRENDER
                      00200 ;       GOTO    BLINK_OFF
                      00201      
002C   0BB1           00202     DECFSZ Z3,F
002D   282B           00203         GOTO   L1H2 
002E   0BB0           00204     DECFSZ Z4,F
002F   282B           00205         GOTO   L1H2 
                      00206      
0030   2121           00207     CALL    TOGGLE_LED0
0031   01B1           00208     CLRF  Z3            ;RECARGA DO TEMPO DE APAGAMENTO
0032   300A           00209     MOVLW  .10
0033   00B0           00210     MOVWF  Z4           ;RECARGA DO TEMPO DE APAGAMENTO
0034   282B           00211     GOTO   L1H2
                      00212 
0035                  00213 TAPAGAMENTO       ;APAGAR TODOS OS CONTROLES DA MEMÓRIA
0035   1C05           00214      BTFSS  LRN     ;TESTA BOTÃO 'LEARN' APERTADO
0036   1485           00215         BSF    LED0        ;ACENDE LED0
                      00216         
0037   0BB3           00217      DECFSZ Z1,F
0038   282C           00218         GOTO   L1H 
                      00219 
0039   0BB2           00220      DECFSZ Z2,F
003A   282C           00221         GOTO   L1H
                      00222         
003B   112C           00223      BCF    FLAGGR  ;DESATIVA MODO APRENDER
                      00224      
003C   1805           00225      BTFSC  LRN   ;TESTA BOTÃO 'LEARN' APERTADO
003D   282C           00226         GOTO   L1H
                      00227         
003E   2167           00228      CALL   APAGAEEPROM ;ATINGIU TEMPO MAXIMO: APAGAR MEMÓRIA
                      00229      
003F   1085           00230      BCF    LED0        ;APAGA LED0
                      00231      
0040   1C05           00232      BTFSS  LRN     ;TESTA BOTÃO 'LEARN' APERTADO
0041   2840           00233         GOTO $-1
                      00234         
0042   3032           00235      MOVLW  .50
0043   2115           00236      CALL   DELAYM
                      00237      
                      00238 ;     CALL   LED0BLINK0
                      00239 ;     CALL   LED0BLINK0
                      00240 ;     CALL   LED0BLINK0
                      00241          
0044   1C05           00242      BTFSS  LRN       ;AGUARDA SOLTAR BOTÃO 'LEARN'
0045   2844           00243      GOTO   $-1
0046   281B           00244      GOTO INICIO
                      00245 
                      00246 ;===================ROTINA DE RECEPÇÃO==========================
0047                  00247 SS5:
                      00248 ;A  
                      00249          
0047   1C2C           00250      BTFSS FLAG        ;TESTA FLAG DE HUM/ZERO RECEBIDO
0048   284B           00251          GOTO  L2      ;FLAG=0
MPASM  5.51                          MAIN.ASM   7-16-2022  15:45:45         PAGE  6


LOC  OBJECT CODE     LINE SOURCE TEXT
  VALUE

                      00252 ;--------------------------------
                      00253 ;B
0049   1D85           00254      BTFSS SIN      ;SIN ? TESTA SINAL DE ENTRADA DO RECEPTOR DE RF
004A   2863           00255          GOTO  M0       ; SIN=0
                      00256 ;----------------------------------
004B                  00257 L2
                      00258 ;C
004B   1D85           00259          BTFSS SIN      ;SIN ?
004C   2852           00260      GOTO  LA1      ;SIN=0
                      00261 ;-------------------------------------
                      00262 ;E
004D   142C           00263          BSF   FLAG     ;SIN=1
004E   0ABF           00264      INCF  HC,F
004F   1903           00265      BTFSC STATUS,Z
0050   03BF           00266      DECF  HC,F
0051   2855           00267      GOTO  LA2     ;VAI CONTAR TEMPO DE 50 MICRO SEGUNDOS
                      00268 ;---------------------------------------------------------
0052                  00269 LA1
                      00270 ;D
0052   0ABE           00271     INCF  LC,F     ;INCREMENTA REGISTRADOR DE LOW SIGNAL NA ENTRADA RF
0053   1903           00272     BTFSC STATUS,Z
0054   03BE           00273     DECF  LC,F
0055                  00274 LA2
                      00275     
0055   0BB4           00276      DECFSZ Y1,F    ;CONTADOR DE TEMPO DE DESLIGAMENTO DE SAIDAS
0056   285E           00277      GOTO   J0
0057   0BB5           00278     DECFSZ Y2,F    ;CONTADOR DE TEMPO DE DESLIGAMENTO DE SAIDAS
0058   285E           00279      GOTO   J0
                      00280      
                      00281     ifdef PULSE_LED
0059   1285           00282         BCF   LED1    ;APAGA LEDS
005A   1205           00283         BCF   LED2
005B   1105           00284         BCF   LED3
                      00285     endif
                      00286 
005C   0AB4           00287      INCF  Y1,F
005D   0AB5           00288      INCF  Y2,F
005E                  00289 J0
                      00290 
005E   3009           00291         MOVLW  .9  ;.9 = 50 MICROSEG    (ACERTA TEMPO ENTRE LEITURAS DA ENTRADA DE RF)
005F   00C0           00292     MOVWF  CONT
0060   0BC0           00293     DECFSZ CONT,F
0061   2860           00294     GOTO $-1
0062   2824           00295     GOTO L1
                      00296 
0063                  00297 M0
                      00298 ;----------------------------------
                      00299 ;F
0063   083E           00300     MOVFW  LC               ;TESTA SE NÃO PASSOU DO LIMITE MAXIMO DE TEMPO EM LOW NA ENTRADA DE RF
0064   3C32           00301     SUBLW  TMAX
0065   1C03           00302     BTFSS  STATUS,C
0066   281B           00303     GOTO   INICIO       ;C=0 (-)  -  LC>TMAX (REJEITAR DADO - PAUSA INICIAL)
                      00304 ;F'
MPASM  5.51                          MAIN.ASM   7-16-2022  15:45:45         PAGE  7


LOC  OBJECT CODE     LINE SOURCE TEXT
  VALUE

                      00305  
                      00306 ;-----------------------------------
                      00307     
                      00308 ;G
0067   083F           00309     MOVFW  HC                   ;OBTEM O VALOR DE 'CARRY'(HUM OU ZERO)
0068   023E           00310     SUBWF  LC,W
                      00311     
0069   0CA0           00312     RRF    RES3,F       ;DESLOCA  O BIT NOS REGISTRADORES DE RESULTADO
006A   0CA1           00313     RRF    RES2,F
006B   0CA2           00314     RRF    RES1,F
006C   0CA3           00315     RRF    RES0,F
                      00316 ;-------------------------------------
                      00317 ;H
                      00318         
006D   0BAB           00319     DECFSZ  BITCOUNTER,F  ;DECREMENTA O CONTADOR DE BITS A SER RECEBIDO
006E   2821           00320     GOTO   L0             ;LE PROXIMO BIT
                      00321     
006F   3004           00322     MOVLW  .4             ;DESPREZA OS BITS DE 'ANTICODE' 1010
0070   00AB           00323     MOVWF  BITCOUNTER
0071                  00324 ACERTA
0071   1003           00325     BCF    STATUS,C
0072   0CA0           00326     RRF    RES3,F
0073   0CA1           00327     RRF    RES2,F
0074   0CA2           00328     RRF    RES1,F
0075   0CA3           00329     RRF    RES0,F        ;RESULTADO FICA SOMENTE EM RES2 A RES0,DESPREZA RES3
0076   0BAB           00330         DECFSZ BITCOUNTER,F
0077   2871           00331     GOTO   ACERTA
                      00332         
                      00333 
                      00334 
0078   18AC           00335     BTFSC  FLAG1        ;TESTA SE É A PRIMEIRA OU A SEGUNDA RECEPÇÃO
0079   2882           00336         GOTO   PULA1
007A   0821           00337     MOVFW  RES2         ;SALVA A PRIMEIRA LEITURA PARA COMPARAÇÃO COM UMA SEGUNDA
007B   00C2           00338     MOVWF  RES2A
007C   0822           00339     MOVFW  RES1
007D   00C3           00340     MOVWF  RES1A    
007E   0823           00341     MOVFW  RES0
007F   00C4           00342     MOVWF  RES0A        
0080   14AC           00343     BSF   FLAG1                 ;SETA FLAG DE PRIMEIRA RECEPÇÃO
                      00344 
0081   281B           00345     GOTO  INICIO
0082                  00346 PULA1
0082   10AC           00347         BCF FLAG1          ;SEGUNDA RECEPÇÃO, COMPARA COM A PRIMEIRA
0083   0821           00348         MOVFW  RES2
0084   0642           00349     XORWF  RES2A,W
0085   1D03           00350     BTFSS  STATUS,Z
0086   28A0           00351     GOTO   RESETAC
0087   0822           00352     MOVFW  RES1
0088   0643           00353     XORWF  RES1A,W
0089   1D03           00354     BTFSS  STATUS,Z
008A   28A0           00355     GOTO   RESETAC
008B   0823           00356         MOVFW  RES0
008C   0644           00357     XORWF  RES0A,W
MPASM  5.51                          MAIN.ASM   7-16-2022  15:45:45         PAGE  8


LOC  OBJECT CODE     LINE SOURCE TEXT
  VALUE

008D   1D03           00358     BTFSS  STATUS,Z
008E   28A0           00359     GOTO   RESETAC        ;ERRO DE RECEPÇÁO
                      00360 
008F   0821           00361     MOVFW  RES2
0090   00A0           00362     MOVWF  RES3       ;SALVA RES2 EM RES3
0091   303F           00363     MOVLW  B'00111111'
0092   05A1           00364     ANDWF  RES2,F     ;APAGA BOTÕES
                      00365 
0093   0821           00366         MOVFW  RES2      ;ELIMINA CODIGO 0X000000
0094   3A00           00367     XORLW  .0
0095   1903           00368     BTFSC  STATUS,Z
0096   28A0           00369     GOTO   RESETAC        ;ERRO DE RECEPÇÁO
0097   0822           00370         MOVFW  RES1
0098   3A00           00371     XORLW  .0
0099   1903           00372     BTFSC  STATUS,Z
009A   28A0           00373     GOTO   RESETAC        ;ERRO DE RECEPÇÁO
009B   0823           00374         MOVFW  RES0
009C   3A00           00375         XORLW  .0
009D   1903           00376     BTFSC  STATUS,Z
009E   28A0           00377     GOTO   RESETAC        ;ERRO DE RECEPÇÁO
                      00378 
009F   28A5           00379     GOTO   AÇÃO       ;OK - BOA RECEPÇÃO
                      00380 
00A0                  00381 RESETAC
00A0   01C1           00382         CLRF   RES3A     ; APAGA RESULTADOS DE COMPARAÇÃO
00A1   01C2           00383     CLRF   RES2A
00A2   01C3           00384     CLRF   RES1A
00A3   01C4           00385         CLRF   RES0A
00A4   281B           00386     GOTO INICIO
                      00387 
                      00388 ;-------------------------------------
00A5                  00389 AÇÃO
                      00390 ;===========================================================
                      00391 ;ROTINA PARA ELIMINAR RECEPÇÃO 'FFFFFF' (MEMÓRIA VIRGEM)
00A5   0821           00392     MOVFW  RES2
00A6   3AFF           00393     XORLW  0XFF
00A7   1D03           00394     BTFSS  STATUS,Z
00A8   28B2           00395     GOTO   R_CONT
00A9   0822           00396         MOVFW  RES1
00AA   3AFF           00397     XORLW  0XFF
00AB   1D03           00398     BTFSS  STATUS,Z
00AC   28B2           00399     GOTO   R_CONT
00AD   0823           00400         MOVFW  RES0
00AE   3AFF           00401     XORLW  0XFF
00AF   1D03           00402     BTFSS  STATUS,Z
00B0   28B2           00403     GOTO   R_CONT
00B1   28A0           00404     GOTO   RESETAC   ;RECEBEU 'FFFFFF' = ERRO
                      00405 
00B2                  00406 R_CONT
                      00407 ;========================================================
                      00408 
                      00409 ;I
                      00410 ;    BTFSS  LRN     ;BOTÃO ESTÁ APERTADO?
MPASM  5.51                          MAIN.ASM   7-16-2022  15:45:45         PAGE  9


LOC  OBJECT CODE     LINE SOURCE TEXT
  VALUE

                      00411 ;    BSF    FLAGGR
00B2   2139           00412     CALL   PPT
00B3   00CE           00413     MOVWF  TMP_SALVO  ;SALVA TMP
00B4   3C00           00414     SUBLW  .0
00B5   1903           00415     BTFSC  STATUS,Z  ; É '0'?
00B6   28CF           00416     GOTO   APRENDER    ;NENHUM CONTROLE FOI  GRAVADO
00B7                  00417 MADDRESS
00B7   084E           00418     MOVFW  TMP_SALVO
00B8   00CC           00419         MOVWF  ADDRESS
00B9   215B           00420     CALL   EEREAD
00BA   0621           00421     XORWF  RES2,W      ;COMPARA COM RES2
00BB   1D03           00422     BTFSS  STATUS,Z
00BC   28C9           00423     GOTO   PROXIMO
00BD   03CC           00424     DECF   ADDRESS,F
00BE   084C           00425     MOVFW  ADDRESS
00BF   215B           00426     CALL   EEREAD
00C0   0622           00427     XORWF  RES1,W      ;COMPARA COM RES1
00C1   1D03           00428     BTFSS  STATUS,Z
00C2   28C9           00429     GOTO   PROXIMO
00C3   03CC           00430         DECF   ADDRESS,F
00C4   084C           00431         MOVFW  ADDRESS
00C5   215B           00432     CALL   EEREAD
00C6   0623           00433     XORWF  RES0,W      ;COMPARA COM RES0
00C7   1903           00434     BTFSC  STATUS,Z
00C8   28F2           00435     GOTO ACIONAR           ;ENCONTRADO CONTROLE NA MEMÓRIA
00C9                  00436 PROXIMO                                 ;VAI PARA O PROXIMO ENDEREÇO DE MEMÓRIA PROCURAR....
                      00437     
                      00438     
00C9   3003           00439     MOVLW   .3
00CA   02CE           00440     SUBWF   TMP_SALVO,F   ;ACERTA  DE 3 EM 3 A POSIÇÃO DE BUSCA NA MEMÓRIA
                      00441 
00CB   1C03           00442         BTFSS  STATUS,C  
00CC   28CF           00443         GOTO   APRENDER 
                      00444 
00CD   1D03           00445     BTFSS   STATUS,Z
00CE   28B7           00446     GOTO   MADDRESS   ;VOLTA A BUSCA
                      00447    
                      00448     
00CF                  00449 APRENDER
00CF   1D2C           00450     BTFSS  FLAGGR    ;TESTA SE BOTÃO 'LEARN' ESTÁ PRESSIONADO
00D0   281B           00451     GOTO   INICIO    ;NÃO ESTÁ.
00D1   2139           00452     CALL   PPT       ;ESTÁ, PEGA PONTEIRO
00D2   00CC           00453     MOVWF  ADDRESS   ;PEGA O ENDEREÇO APONTADO
00D3   3C7E           00454         SUBLW  0X7E      ;LIMITE MAXIMO DA EEPROM (128-1 /3= 42 BOTÕES OU 24 CONTROLES)
00D4   1C03           00455     BTFSS  STATUS,C
00D5   01CC           00456     CLRF   ADDRESS    ;INICIA SOBREGRAVAÇÃO
00D6   0ACC           00457     INCF   ADDRESS,F        ;SOMA 1
00D7   0823           00458     MOVFW  RES0
00D8   00CD           00459     MOVWF  TMP           ;COLOCA EM 'TMP'
00D9   084C           00460     MOVFW  ADDRESS   ;DA O POSIÇÃO DE MEMORIA A SER GRAVADO
00DA   2146           00461     CALL   EEWRITE   ;ROTINA DE ESCRITA NA EEPROM
00DB   0ACC           00462     INCF   ADDRESS,F ;PROXIMA POSIÇÃO DE ESCRITA NA EEPROM
00DC   0822           00463     MOVFW  RES1
MPASM  5.51                          MAIN.ASM   7-16-2022  15:45:45         PAGE 10


LOC  OBJECT CODE     LINE SOURCE TEXT
  VALUE

00DD   00CD           00464     MOVWF  TMP
00DE   084C           00465     MOVFW  ADDRESS 
00DF   2146           00466     CALL   EEWRITE
00E0   0ACC           00467     INCF   ADDRESS,F
00E1   0821           00468     MOVFW  RES2
00E2   00CD           00469     MOVWF  TMP
00E3   084C           00470     MOVFW  ADDRESS 
00E4   2146           00471     CALL   EEWRITE
00E5   084C           00472     MOVFW  ADDRESS
00E6   00CD           00473     MOVWF  TMP
00E7   3000           00474     MOVLW  .0
00E8   2146           00475     CALL   EEWRITE  ;GRAVA NOVO ENDEREÇO DE PONTEIRO
00E9   112C           00476     BCF    FLAGGR
00EA   1C05           00477     BTFSS  LRN
00EB   28EA           00478     GOTO   $-1
00EC   300A           00479     MOVLW  .10    ;TEMPO DE ATRASO
00ED   2115           00480     CALL   DELAYM
                      00481     
00EE   1485           00482     BSF   LED0       ;LIGA LED0
00EF   300A           00483     MOVLW  .10    ;TEMPO DE ATRASO
00F0   2115           00484     CALL   DELAYM
00F1   1085           00485     BCF   LED0       ;DESLIGA
                      00486     
00F2                  00487 ACIONAR 
                      00488 ;==========================================================================
                      00489 
00F2   0820           00490     MOVFW  RES3  ;RECUPERA OS BOTÕES
00F3   00A1           00491     MOVWF  RES2 
                      00492 ;==========================================================================
                      00493 ;   MODO  OR_LED  
                      00494     ifdef OR_LED
                      00495         BTFSS  RES2,7   ; SE OS DOIS BOTÕES ESTIVEREM ACIONADOS
                      00496         GOTO   KJ5
                      00497         BTFSS  RES2,6
                      00498         GOTO   KJ5
                      00499         BSF    LED3
                      00500         BSF    LED2
                      00501         BSF    LED1
                      00502         GOTO   SJ6
                      00503 KJ5
                      00504         BCF    LED3
                      00505         BTFSC  RES2,7
                      00506         BSF    LED1
                      00507         BTFSS  RES2,7
                      00508         BCF    LED1
                      00509 
                      00510         BTFSC  RES2,6
                      00511         BSF    LED2
                      00512         BTFSS  RES2,6
                      00513         BCF    LED2
                      00514         GOTO   SJ6
                      00515     endif
                      00516 ;==========================================================================================
MPASM  5.51                          MAIN.ASM   7-16-2022  15:45:45         PAGE 11


LOC  OBJECT CODE     LINE SOURCE TEXT
  VALUE

                      00517 ;MODO XOR_LED
                      00518     ifdef  XOR_LED  ;ACIONA UM UNICO LED (BOTÃO ESQ= LED1 ;BOTÃO DIR=LED2 ;2 BOTÕES=LED3)
                      00519         ifdef RETENT_LED
                      00520             BSF LED0
                      00521         endif   
                      00522         
00F4   1FA1           00523         BTFSS  RES2,7   ; SE OS DOIS BOTÕES ESTIVEREM ACIONADOS
00F5   28FF           00524             GOTO   SJ5
00F6   1F21           00525         BTFSS  RES2,6
00F7   28FF           00526             GOTO   SJ5
                      00527         ifdef RETENT_LED
                      00528             CALL    TOGGLE_LED3
                      00529         endif
                      00530         ifdef PULSE_LED
                      00531 ;           BSF    LED1   ;LIGA O LED1
                      00532 ;           BSF    LED2   ;LIGA O LED2
                      00533 ;           NOP
                      00534 ;           NOP
                      00535 ;           NOP
                      00536 ;           NOP
                      00537 ;           NOP
00F8   1505           00538             BSF    LED3   ;LIGA O LED3
00F9   300A           00539         MOVLW  .10
00FA   2115           00540         CALL   DELAYM
00FB   1105           00541         BCF    LED3        ;APAGA LED0
00FC   3005           00542         MOVLW  .5
00FD   2115           00543         CALL   DELAYM
                      00544         endif
                      00545 
00FE   2910           00546         GOTO   SJ6    ; PULA OS OUTROS TESTES
00FF                  00547 SJ5
00FF   1F21           00548         BTFSS  RES2,6  ;TESTA QUAIS BOTÕES FORAM ACIONADOS NA TRANSMISSÃO
0100   2908           00549             GOTO   SJ7
                      00550 
                      00551         ifdef RETENT_LED
                      00552             CALL    TOGGLE_LED1
                      00553         endif   
                      00554         ifdef PULSE_LED
0101   1685           00555             BSF    LED1   ;LIGA O LED1
0102   300A           00556         MOVLW  .10
0103   2115           00557         CALL   DELAYM
0104   1285           00558         BCF    LED1        ;APAGA LED0
0105   3005           00559         MOVLW  .5
0106   2115           00560         CALL   DELAYM
                      00561 ;           BCF    LED2   ;APAGA O LED2
                      00562 ;           NOP
                      00563 ;           NOP
                      00564 ;           NOP
                      00565 ;           NOP
                      00566 ;           NOP
                      00567 ;           BSF    LED3   ;LIGA O LED3 - INTERRUPÇÃO
                      00568         endif
0107   2910           00569         GOTO   SJ6
MPASM  5.51                          MAIN.ASM   7-16-2022  15:45:45         PAGE 12


LOC  OBJECT CODE     LINE SOURCE TEXT
  VALUE

0108                  00570 SJ7
0108   1FA1           00571         BTFSS  RES2,7  ;TESTA QUAIS BOTÕES FORAM ACIONADOS NA TRANSMISSÃO
0109   2908           00572             GOTO   SJ7
                      00573 
                      00574         ifdef RETENT_LED
                      00575             CALL    TOGGLE_LED2
                      00576         endif   
                      00577         ifdef PULSE_LED
                      00578 ;           BCF    LED1   ;APAGA O LED1
010A   1605           00579             BSF    LED2   ;LIGA O LED2
010B   300A           00580         MOVLW  .10
010C   2115           00581         CALL   DELAYM
010D   1205           00582         BCF    LED2        ;APAGA LED0
010E   3005           00583         MOVLW  .5
010F   2115           00584         CALL   DELAYM
                      00585 ;           NOP
                      00586 ;           NOP
                      00587 ;           NOP
                      00588 ;           NOP
                      00589 ;           NOP
                      00590 ;           BSF    LED3   ;LIGA O LED3 - INTERRUPÇÃO
                      00591         endif
                      00592 
                      00593     endif
                      00594 
                      00595 
0110                  00596 SJ6
                      00597     ifdef RETENT_LED
                      00598         MOVLW  .10    ;TEMPO DE ATRASO
                      00599         CALL   DELAYM
                      00600         BCF     LED0
                      00601     endif       
                      00602         
                      00603     ifdef PULSE_LED
0110   3014           00604         MOVLW  T_DESL_LED  ;RECARGA DO TEMPORIZADOR DE DESLIGAMENTO
0111   00B5           00605         MOVWF  Y2
0112   30FF           00606         MOVLW  .255
0113   00B4           00607         MOVWF  Y1
                      00608     endif
                      00609     
0114   281B           00610     GOTO INICIO
                      00611 
                      00612 
                      00613 
                      00614 
                      00615 ;--------------------------------------------------------------
0115                  00616 DELAYM
0115   00C6           00617    MOVWF  R0
0116                  00618 XC
0116   213C           00619    CALL  AGUARDE
0117   0BC6           00620    DECFSZ R0,F
0118   2916           00621    GOTO XC
0119   0008           00622    RETURN
MPASM  5.51                          MAIN.ASM   7-16-2022  15:45:45         PAGE 13


LOC  OBJECT CODE     LINE SOURCE TEXT
  VALUE

                      00623 
                      00624 ;****************************************************
                      00625 ;PISCA LED LENTO
011A                  00626 LED0BLINK0
011A   1485           00627    BSF    LED0        ;ACENDE LED0 (UMA PISCADA)
011B   300A           00628    MOVLW  .10
011C   2115           00629    CALL   DELAYM
011D   1085           00630    BCF    LED0        ;APAGA LED0
011E   300A           00631    MOVLW  .10
011F   2115           00632    CALL   DELAYM
0120   0008           00633    RETURN
                      00634 ;****************************************************
                      00635 ; Toggle the state of the LED
0121                  00636 TOGGLE_LED0
                      00637         
0121   1885           00638         BTFSC   LED0    ; is the LED off?
0122   2925           00639         GOTO    IS_ON                   ; Go to Is_On.  Will be skipped if the LED is off
                      00640 
0123                  00641 IS_OFF                                  ; Executes if the LED is off
0123   1485           00642         BSF LED0
0124   0008           00643         RETURN
                      00644 
0125                  00645 IS_ON                                   ; Executes if the LED is on
0125   1085           00646         BCF LED0
0126   0008           00647         RETURN
                      00648 
                      00649 ;****************************************************
                      00650 ; Toggle the state of the LED
0127                  00651 TOGGLE_LED1
                      00652         
0127   1A85           00653         BTFSC   LED1    ; is the LED off?
0128   292B           00654         GOTO    IS_ON_LED1                      ; Go to Is_On.  Will be skipped if the LED is off
                      00655 
0129                  00656 IS_OFF_LED1                                     ; Executes if the LED is off
0129   1685           00657         BSF LED1
012A   0008           00658         RETURN
                      00659 
012B                  00660 IS_ON_LED1                                      ; Executes if the LED is on
012B   1285           00661         BCF LED1
012C   0008           00662         RETURN
                      00663 
                      00664 ;****************************************************
                      00665 ; Toggle the state of the LED
012D                  00666 TOGGLE_LED2
                      00667         
012D   1A05           00668         BTFSC   LED2    ; is the LED off?
012E   2931           00669         GOTO    IS_ON_LED2                      ; Go to Is_On.  Will be skipped if the LED is off
                      00670 
012F                  00671 IS_OFF_LED2                                     ; Executes if the LED is off
012F   1605           00672         BSF LED2
0130   0008           00673         RETURN
                      00674 
0131                  00675 IS_ON_LED2                                      ; Executes if the LED is on
MPASM  5.51                          MAIN.ASM   7-16-2022  15:45:45         PAGE 14


LOC  OBJECT CODE     LINE SOURCE TEXT
  VALUE

0131   1205           00676         BCF LED2
0132   0008           00677         RETURN
                      00678 
                      00679 ;****************************************************
                      00680 ; Toggle the state of the LED
0133                  00681 TOGGLE_LED3
                      00682         
0133   1905           00683         BTFSC   LED3    ; is the LED off?
0134   2937           00684         GOTO    IS_ON_LED3                      ; Go to Is_On.  Will be skipped if the LED is off
                      00685 
0135                  00686 IS_OFF_LED3                                     ; Executes if the LED is off
0135   1505           00687         BSF LED3
0136   0008           00688         RETURN
                      00689 
0137                  00690 IS_ON_LED3                                      ; Executes if the LED is on
0137   1105           00691         BCF LED3
0138   0008           00692         RETURN
                      00693 
                      00694 ;****************************************************
                      00695 ;PEGA PONTEIRO NA EEPROM - ULTIMO ENDEREÇO
0139                  00696 PPT
0139   3000           00697     MOVLW .0
013A   215B           00698     CALL  EEREAD    ;LE  PONTEIRO DA EEPROM
013B   0008           00699     RETURN
                      00700 
013C                  00701 AGUARDE         ;ROTINA DE ATRASO ENTRE OPERAÇÕES DE EEPROM
                      00702 
013C   3040           00703         MOVLW  .64
013D   00C7           00704         MOVWF   R1
013E                  00705 CG2
013E   0064           00706         CLRWDT
013F   30FF           00707         MOVLW   .255
0140   00C8           00708         MOVWF   R2
                      00709         
0141   0BC8           00710         DECFSZ  R2,F
0142   2941           00711         GOTO $-1
0143   0BC7           00712         DECFSZ  R1,F
0144   293E           00713         GOTO CG2
0145   0008           00714         RETURN
                      00715 
                      00716 
0146                  00717 EEWRITE
                      00718 
                      00719 ; ******* EEPROM WRITE ENABLE ******************
                      00720 ;endereço esta em ADDRESS
                      00721 ;DADOS A ESCREVER ESTA EM TMP(MSB)  
                      00722 
                      00723 
0146   1683           00724         BANK1
0147   009B           00725         movwf EEADR     
0148   1283           00726         BANK0
0149   084D           00727         MOVFW  TMP              ;PEGA PRIMEIRO DADO
014A   1683           00728         BANK1
MPASM  5.51                          MAIN.ASM   7-16-2022  15:45:45         PAGE 15


LOC  OBJECT CODE     LINE SOURCE TEXT
  VALUE

014B   009A           00729         movwf EEDATA
014C   139C           00730         bcf EECON1, EEIF        
014D   151C           00731         bsf EECON1, WREN ; enable Write\par
014E   3055           00732         movlw 0x55      
014F   009D           00733         movwf EECON2    
0150   30AA           00734         movlw 0xAA      
0151   009D           00735         movwf EECON2    
0152   149C           00736         bsf EECON1, WR  
0153   0064           00737 WRITE_SN_A clrwdt       
0154   189C           00738         btfsc EECON1, WR ; Write complete ?\par
0155   2953           00739         goto WRITE_SN_A 
0156   111C           00740         bcf EECON1, WREN ; disable Write\par
0157   1283           00741         BANK0
                      00742 
0158   0064           00743         clrwdt  
                      00744         
0159                  00745 ESPERA1                 ;DELAY ENTRE APAGAMENTOS
0159   213C           00746         CALL  AGUARDE
015A   0008           00747         RETURN
                      00748 
                      00749 
                      00750 
015B                  00751 EEREAD
                      00752 ;endereço esta em ADDRESS
                      00753 ;DADOS LIDOS SERÃO ESCRITOS EM TMP0
                      00754         
015B   0064           00755         clrwdt  
                      00756 ;       MOVFW  ADDRESS
                      00757         
015C   1683           00758         BANK1
015D   009B           00759         movwf EEADR     
015E   141C           00760         bsf EECON1, RD ; do a read\par
015F   0064           00761         clrwdt
0160   181C           00762     btfsc EECON1, RD ; Read done ?\par
0161   2960           00763         goto $-1        
0162   081A           00764         movf EEDATA,W
0163   1283           00765         BANK0
0164   00CD           00766         MOVWF   TMP     ;RECUPERA PRIMEIRO NUMERO DA EEPROM
0165   0064           00767         clrwdt  
                      00768 
0166   0008           00769         RETURN
                      00770 ;------------------------------------------------------------------------------
0167                  00771 APAGAEEPROM ;OK TESTADA E APROVADA
                      00772 ; ROTINA PARA APAGAR TODAS AS POSIÇOES DA EEPROM DO 16F628
                      00773         
                      00774 
                      00775 
0167   3080           00776         MOVLW 0X80              ;TOTAL DE 128 + 1 BYTES DE EEPROM
0168   00A4           00777         MOVWF   AUX
0169                  00778 RET6
0169   0064           00779         CLRWDT
016A   0824           00780         MOVFW   AUX
016B   3001           00781         MOVLW   .1  ;ACERTA ENDEREÇO TIRANDO 1
MPASM  5.51                          MAIN.ASM   7-16-2022  15:45:45         PAGE 16


LOC  OBJECT CODE     LINE SOURCE TEXT
  VALUE

016C   0224           00782         SUBWF   AUX,W
016D   1683           00783         BANK1
016E   009B           00784         movwf EEADR     
016F   30FF           00785         MOVLW   0XFF
0170   009A           00786         movwf EEDATA
0171   139C           00787         bcf EECON1, EEIF        
0172   151C           00788         bsf EECON1, WREN ; enable Write\par
0173   3055           00789         movlw 0x55      
0174   009D           00790         movwf EECON2    
0175   30AA           00791         movlw 0xAA      
0176   009D           00792         movwf EECON2    
0177   149C           00793         bsf EECON1, WR  
0178   0064           00794 WRITE_SN_C clrwdt       
0179   189C           00795         btfsc EECON1, WR ; Write complete ?\par
017A   2978           00796         goto WRITE_SN_C 
017B   111C           00797         bcf EECON1, WREN ; disable Write\par
017C   1283           00798         BANK0
017D   0BA4           00799         DECFSZ  AUX,F
017E   2981           00800         GOTO  ESPERA
017F   0064           00801         clrwdt  
0180   3400           00802         RETLW 0H
0181                  00803 ESPERA                  ;DELAY ENTRE APAGAMENTOS
0181   3008           00804         MOVLW  .8
0182   00C7           00805         MOVWF   R1
0183                  00806 CG1
0183   30FF           00807         MOVLW   .255
0184   00C8           00808         MOVWF   R2
                      00809         
0185   0BC8           00810         DECFSZ  R2,F
0186   2985           00811         GOTO $-1
0187   0BC7           00812         DECFSZ  R1,F
0188   2983           00813         GOTO CG1
0189   2969           00814         GOTO RET6
                      00815     
2100                  00816    ORG H'2100' 
2100   0000           00817    DE  .0
                      00818 
                      00819      end
MPASM  5.51                          MAIN.ASM   7-16-2022  15:45:45         PAGE 17


SYMBOL TABLE
  LABEL                             VALUE 

ACERTA                            00000071
ACIONAR                           000000F2
ADCON0                            0000001F
ADCS0                             00000004
ADCS1                             00000005
ADCS2                             00000006
ADDRESS                           0000004C
ADFM                              00000007
ADIE                              00000006
ADIF                              00000006
ADON                              00000000
ADRESH                            0000001E
ADRESL                            0000009E
AGUARDE                           0000013C
ANS0                              00000000
ANS1                              00000001
ANS2                              00000002
ANS3                              00000003
ANSEL                             0000009F
APAGAEEPROM                       00000167
APRENDER                          000000CF
AUX                               00000024
AUX2                              0000003D
AÇÃO                              000000A5
BANK0                             BCF     STATUS,RP0
BANK1                             BSF     STATUS,RP0
BITCOUNTER                        0000002B
C                                 00000000
C0                                00000028
C1                                00000027
C2                                00000026
C3                                00000025
CAL0                              00000002
CAL1                              00000003
CAL2                              00000004
CAL3                              00000005
CAL4                              00000006
CAL5                              00000007
CG1                               00000183
CG2                               0000013E
CHS0                              00000002
CHS1                              00000003
CINV                              00000004
CIS                               00000003
CM0                               00000000
CM1                               00000001
CM2                               00000002
CMCON                             00000019
CMIE                              00000003
CMIF                              00000003
CONT                              00000040
COUT                              00000006
DC                                00000001
MPASM  5.51                          MAIN.ASM   7-16-2022  15:45:45         PAGE 18


SYMBOL TABLE
  LABEL                             VALUE 

DELAYM                            00000115
EEADR                             0000009B
EECON1                            0000009C
EECON2                            0000009D
EEDAT                             0000009A
EEDATA                            0000009A
EEIE                              00000007
EEIF                              00000007
EEREAD                            0000015B
EEWRITE                           00000146
ESPERA                            00000181
ESPERA1                           00000159
F                                 00000001
FLAG                              FLAGS,0
FLAG1                             FLAGS,1
FLAGGR                            FLAGS,2
FLAGS                             0000002C
FSR                               00000004
GIE                               00000007
GO                                00000001
GO_DONE                           00000001
GO_NOT_DONE                       00000001
GP0                               00000000
GP1                               00000001
GP2                               00000002
GP3                               00000003
GP4                               00000004
GP5                               00000005
GPIE                              00000003
GPIF                              00000000
GPIO                              00000005
GPIO0                             00000000
GPIO1                             00000001
GPIO2                             00000002
GPIO3                             00000003
GPIO4                             00000004
GPIO5                             00000005
HC                                0000003F
INDF                              00000000
INICIO                            0000001B
INTCON                            0000000B
INTE                              00000004
INTEDG                            00000006
INTF                              00000001
IOC                               00000096
IOC0                              00000000
IOC1                              00000001
IOC2                              00000002
IOC3                              00000003
IOC4                              00000004
IOC5                              00000005
IOCB                              00000096
IOCB0                             00000000
MPASM  5.51                          MAIN.ASM   7-16-2022  15:45:45         PAGE 19


SYMBOL TABLE
  LABEL                             VALUE 

IOCB1                             00000001
IOCB2                             00000002
IOCB3                             00000003
IOCB4                             00000004
IOCB5                             00000005
IRP                               00000007
IS_OFF                            00000123
IS_OFF_LED1                       00000129
IS_OFF_LED2                       0000012F
IS_OFF_LED3                       00000135
IS_ON                             00000125
IS_ON_LED1                        0000012B
IS_ON_LED2                        00000131
IS_ON_LED3                        00000137
J0                                0000005E
L0                                00000021
L1                                00000024
L1H                               0000002C
L1H2                              0000002B
L2                                0000004B
LA1                               00000052
LA2                               00000055
LC                                0000003E
LED0                              GPIO,1
LED0BLINK0                        0000011A
LED1                              GPIO,5
LED2                              GPIO,4
LED3                              GPIO,2
LRN                               GPIO,0
LcdDelayCounter                   00000036
LcdDelayCounter1                  00000037
M0                                00000063
MADDRESS                          000000B7
NOT_BOD                           00000000
NOT_BOR                           00000000
NOT_DONE                          00000001
NOT_GPPU                          00000007
NOT_PD                            00000003
NOT_POR                           00000001
NOT_T1SYNC                        00000002
NOT_TO                            00000004
OPTION_REG                        00000081
OSCCAL                            00000090
PCL                               00000002
PCLATH                            0000000A
PCON                              0000008E
PEIE                              00000006
PIC_675                           
PIE1                              0000008C
PIR1                              0000000C
PPT                               00000139
PROXIMO                           000000C9
PS0                               00000000
MPASM  5.51                          MAIN.ASM   7-16-2022  15:45:45         PAGE 20


SYMBOL TABLE
  LABEL                             VALUE 

PS1                               00000001
PS2                               00000002
PSA                               00000003
PULA1                             00000082
PULSE_LED                         
QBYTE                             0000001C
R0                                00000046
R1                                00000047
R2                                00000048
RD                                00000000
RES0                              00000023
RES0A                             00000044
RES1                              00000022
RES1A                             00000043
RES2                              00000021
RES2A                             00000042
RES3                              00000020
RES3A                             00000041
RESETAC                           000000A0
RET6                              00000169
RP0                               00000005
RP1                               00000006
R_CONT                            000000B2
SDATA                             0000003C
SIN                               GPIO,3
SITUAÇÃO                          0000003A
SJ5                               000000FF
SJ6                               00000110
SJ7                               00000108
SS5                               00000047
START                             00000005
STATUS                            00000003
T0CS                              00000005
T0IE                              00000005
T0IF                              00000002
T0SE                              00000004
T1CKPS0                           00000004
T1CKPS1                           00000005
T1CON                             00000010
T1IE                              00000000
T1IF                              00000000
T1OSCEN                           00000003
TAPAGAMENTO                       00000035
TEMP                              0000002A
TGR                               000000FF
TL0                               0000002D
TL1                               0000002E
TL2                               0000002F
TMAX                              00000032
TMP                               0000004D
TMP1                              00000049
TMP2                              0000004A
TMP3                              0000004B
MPASM  5.51                          MAIN.ASM   7-16-2022  15:45:45         PAGE 21


SYMBOL TABLE
  LABEL                             VALUE 

TMP_SALVO                         0000004E
TMR0                              00000001
TMR0IE                            00000005
TMR0IF                            00000002
TMR1                              0000000E
TMR1CS                            00000001
TMR1GE                            00000006
TMR1H                             0000000F
TMR1IE                            00000000
TMR1IF                            00000000
TMR1L                             0000000E
TMR1ON                            00000000
TOGGLE_LED0                       00000121
TOGGLE_LED1                       00000127
TOGGLE_LED2                       0000012D
TOGGLE_LED3                       00000133
TRISIO                            00000085
TRISIO0                           00000000
TRISIO1                           00000001
TRISIO2                           00000002
TRISIO3                           00000003
TRISIO4                           00000004
TRISIO5                           00000005
T_DESL_LED                        00000014
VCFG                              00000006
VR0                               00000000
VR1                               00000001
VR2                               00000002
VR3                               00000003
VRCON                             00000099
VREN                              00000007
VRR                               00000005
W                                 00000000
WPU                               00000095
WPU0                              00000000
WPU1                              00000001
WPU2                              00000002
WPU4                              00000004
WPU5                              00000005
WR                                00000001
WRCFG                             00000000
WREN                              00000002
WRERR                             00000003
WRITE_SN_A                        00000153
WRITE_SN_C                        00000178
WS                                00000029
X                                 00000045
XC                                00000116
XOR_LED                           
Y1                                00000034
Y2                                00000035
YTRISA                            00000009
Z                                 00000002
MPASM  5.51                          MAIN.ASM   7-16-2022  15:45:45         PAGE 22


SYMBOL TABLE
  LABEL                             VALUE 

Z1                                00000033
Z2                                00000032
Z3                                00000031
Z4                                00000030
_BODEN_OFF                        00003FBF
_BODEN_ON                         00003FFF
_BOREN_OFF                        00003FBF
_BOREN_ON                         00003FFF
_CONFIG                           00002007
_CPD_OFF                          00003FFF
_CPD_ON                           00003EFF
_CP_OFF                           00003FFF
_CP_ON                            00003F7F
_DEVID1                           00002006
_EC_OSC                           00003FFB
_EXTRC_OSC_CLKOUT                 00003FFF
_EXTRC_OSC_NOCLKOUT               00003FFE
_FOSC_EC                          00003FFB
_FOSC_EXTRCCLK                    00003FFF
_FOSC_EXTRCIO                     00003FFE
_FOSC_HS                          00003FFA
_FOSC_INTRCCLK                    00003FFD
_FOSC_INTRCIO                     00003FFC
_FOSC_LP                          00003FF8
_FOSC_XT                          00003FF9
_HS_OSC                           00003FFA
_IDLOC0                           00002000
_IDLOC1                           00002001
_IDLOC2                           00002002
_IDLOC3                           00002003
_INTRC_OSC_CLKOUT                 00003FFD
_INTRC_OSC_NOCLKOUT               00003FFC
_LP_OSC                           00003FF8
_MCLRE_OFF                        00003FDF
_MCLRE_ON                         00003FFF
_PWRTE_OFF                        00003FFF
_PWRTE_ON                         00003FEF
_WDTE_OFF                         00003FF7
_WDTE_ON                          00003FFF
_WDT_OFF                          00003FF7
_WDT_ON                           00003FFF
_XT_OSC                           00003FF9
__12F675                          00000001
__DEBUG                           1
temp                              0000003B
tmpLcdRegister                    00000038
tmpLcdRegister1                   00000039
MPASM  5.51                          MAIN.ASM   7-16-2022  15:45:45         PAGE 23


MEMORY USAGE MAP ('X' = Used,  '-' = Unused)


0000 : X---XXXXXXXXXXXX XXXXXXXXXXXXXXXX XXXXXXXXXXXXXXXX XXXXXXXXXXXXXXXX
0040 : XXXXXXXXXXXXXXXX XXXXXXXXXXXXXXXX XXXXXXXXXXXXXXXX XXXXXXXXXXXXXXXX
0080 : XXXXXXXXXXXXXXXX XXXXXXXXXXXXXXXX XXXXXXXXXXXXXXXX XXXXXXXXXXXXXXXX
00C0 : XXXXXXXXXXXXXXXX XXXXXXXXXXXXXXXX XXXXXXXXXXXXXXXX XXXXXXXXXXXXXXXX
0100 : XXXXXXXXXXXXXXXX XXXXXXXXXXXXXXXX XXXXXXXXXXXXXXXX XXXXXXXXXXXXXXXX
0140 : XXXXXXXXXXXXXXXX XXXXXXXXXXXXXXXX XXXXXXXXXXXXXXXX XXXXXXXXXXXXXXXX
0180 : XXXXXXXXXX------ ---------------- ---------------- ----------------
2000 : -------X-------- ---------------- ---------------- ----------------
2100 : X--------------- ---------------- ---------------- ----------------

All other memory blocks unused.

Program Memory Words Used:   391
Program Memory Words Free:   633


Errors   :     0
Warnings :     0 reported,     0 suppressed
Messages :     0 reported,    26 suppressed

